[debug] [2020-07-17T09:02:30.070Z] ----------------------------------------------------------------------
[debug] [2020-07-17T09:02:30.072Z] Command:       C:\Program Files\nodejs\node.exe C:\Users\finsc\AppData\Roaming\npm\node_modules\firebase-tools\lib\bin\firebase.js deploy
[debug] [2020-07-17T09:02:30.072Z] CLI Version:   8.5.0
[debug] [2020-07-17T09:02:30.072Z] Platform:      win32
[debug] [2020-07-17T09:02:30.072Z] Node Version:  v12.14.1
[debug] [2020-07-17T09:02:30.073Z] Time:          Fri Jul 17 2020 02:02:30 GMT-0700 (Pacific Daylight Time)
[debug] [2020-07-17T09:02:30.073Z] ----------------------------------------------------------------------
[debug] [2020-07-17T09:02:30.073Z] 
[debug] [2020-07-17T09:02:30.079Z] > command requires scopes: ["email","openid","https://www.googleapis.com/auth/cloudplatformprojects.readonly","https://www.googleapis.com/auth/firebase","https://www.googleapis.com/auth/cloud-platform"]
[debug] [2020-07-17T09:02:30.080Z] > authorizing via signed-in user
[debug] [2020-07-17T09:02:30.080Z] [iam] checking project lootcave-443c4 for permissions ["firebase.projects.get","firebasehosting.sites.update"]
[debug] [2020-07-17T09:02:30.082Z] >>> HTTP REQUEST POST https://cloudresourcemanager.googleapis.com/v1/projects/lootcave-443c4:testIamPermissions  
 {"permissions":["firebase.projects.get","firebasehosting.sites.update"]}
[debug] [2020-07-17T09:02:30.379Z] <<< HTTP RESPONSE 200 {"content-type":"application/json; charset=UTF-8","vary":"X-Origin, Referer, Origin,Accept-Encoding","date":"Fri, 17 Jul 2020 09:02:32 GMT","server":"ESF","cache-control":"private","x-xss-protection":"0","x-frame-options":"SAMEORIGIN","x-content-type-options":"nosniff","server-timing":"gfet4t7; dur=186","alt-svc":"h3-29=\":443\"; ma=2592000,h3-27=\":443\"; ma=2592000,h3-25=\":443\"; ma=2592000,h3-T050=\":443\"; ma=2592000,h3-Q050=\":443\"; ma=2592000,h3-Q046=\":443\"; ma=2592000,h3-Q043=\":443\"; ma=2592000,quic=\":443\"; ma=2592000; v=\"46,43\"","accept-ranges":"none","transfer-encoding":"chunked"}
[debug] [2020-07-17T09:02:30.381Z] >>> HTTP REQUEST GET https://firebase.googleapis.com/v1beta1/projects/lootcave-443c4  
 
[debug] [2020-07-17T09:02:30.561Z] <<< HTTP RESPONSE 200 {"content-type":"application/json; charset=UTF-8","vary":"X-Origin, Referer, Origin,Accept-Encoding","date":"Fri, 17 Jul 2020 09:02:32 GMT","server":"ESF","cache-control":"private","x-xss-protection":"0","x-frame-options":"SAMEORIGIN","x-content-type-options":"nosniff","alt-svc":"h3-29=\":443\"; ma=2592000,h3-27=\":443\"; ma=2592000,h3-25=\":443\"; ma=2592000,h3-T050=\":443\"; ma=2592000,h3-Q050=\":443\"; ma=2592000,h3-Q046=\":443\"; ma=2592000,h3-Q043=\":443\"; ma=2592000,quic=\":443\"; ma=2592000; v=\"46,43\"","accept-ranges":"none","transfer-encoding":"chunked"}
[info] 
[info] === Deploying to 'lootcave-443c4'...
[info] 
[info] i  deploying hosting 
[debug] [2020-07-17T09:02:30.564Z] >>> HTTP REQUEST POST https://firebasehosting.googleapis.com/v1beta1/sites/lootcave-443c4/versions  
 {"config":{"rewrites":[{"glob":"**","path":"/index.html"}]},"labels":{"deployment-tool":"cli-firebase"}}
[debug] [2020-07-17T09:02:31.200Z] <<< HTTP RESPONSE 200 {"content-type":"application/json; charset=UTF-8","vary":"X-Origin, Referer, Origin,Accept-Encoding","date":"Fri, 17 Jul 2020 09:02:33 GMT","server":"ESF","cache-control":"private","x-xss-protection":"0","x-frame-options":"SAMEORIGIN","x-content-type-options":"nosniff","alt-svc":"h3-29=\":443\"; ma=2592000,h3-27=\":443\"; ma=2592000,h3-25=\":443\"; ma=2592000,h3-T050=\":443\"; ma=2592000,h3-Q050=\":443\"; ma=2592000,h3-Q046=\":443\"; ma=2592000,h3-Q043=\":443\"; ma=2592000,quic=\":443\"; ma=2592000; v=\"46,43\"","accept-ranges":"none","transfer-encoding":"chunked"}
[info] i  hosting[lootcave-443c4]: beginning deploy... 
[info] i  hosting[lootcave-443c4]: found 18 files in build 
[debug] [2020-07-17T09:02:31.283Z] [hosting] hash cache [YnVpbGQ] stored for 18 files
[debug] [2020-07-17T09:02:31.283Z] [hosting][hash queue][FINAL] {"max":71,"min":2,"avg":8.88888888888889,"active":0,"complete":18,"success":18,"errored":0,"retried":0,"total":18,"elapsed":75}
[debug] [2020-07-17T09:02:31.283Z] >>> HTTP REQUEST POST https://firebasehosting.googleapis.com/v1beta1/sites/lootcave-443c4/versions/dcf026344d9d5d12:populateFiles  
 <request body omitted>
[debug] [2020-07-17T09:02:31.695Z] <<< HTTP RESPONSE 200 {"content-type":"application/json; charset=UTF-8","vary":"X-Origin, Referer, Origin,Accept-Encoding","date":"Fri, 17 Jul 2020 09:02:33 GMT","server":"ESF","cache-control":"private","x-xss-protection":"0","x-frame-options":"SAMEORIGIN","x-content-type-options":"nosniff","alt-svc":"h3-29=\":443\"; ma=2592000,h3-27=\":443\"; ma=2592000,h3-25=\":443\"; ma=2592000,h3-T050=\":443\"; ma=2592000,h3-Q050=\":443\"; ma=2592000,h3-Q046=\":443\"; ma=2592000,h3-Q043=\":443\"; ma=2592000,quic=\":443\"; ma=2592000; v=\"46,43\"","accept-ranges":"none","transfer-encoding":"chunked"}
[debug] [2020-07-17T09:02:31.698Z] [hosting][populate queue][FINAL] {"max":414,"min":414,"avg":414,"active":0,"complete":1,"success":1,"errored":0,"retried":0,"total":1,"elapsed":416}
[debug] [2020-07-17T09:02:31.698Z] [hosting] uploads queued: 8
[debug] [2020-07-17T09:02:33.146Z] [hosting][upload queue][FINAL] {"max":1450,"min":854,"avg":1201.125,"active":0,"complete":8,"success":8,"errored":0,"retried":0,"total":8,"elapsed":1451}
[info] +  hosting[lootcave-443c4]: file upload complete 
[debug] [2020-07-17T09:02:33.147Z] [hosting] deploy completed after 1946ms
[debug] [2020-07-17T09:02:33.234Z] [
  {
    "config": {
      "public": "build",
      "ignore": [
        "firebase.json",
        "**/.*",
        "**/node_modules/**"
      ],
      "rewrites": [
        {
          "source": "**",
          "destination": "/index.html"
        }
      ],
      "site": "lootcave-443c4"
    },
    "site": "lootcave-443c4",
    "version": "sites/lootcave-443c4/versions/dcf026344d9d5d12"
  }
]
[info] i  hosting[lootcave-443c4]: finalizing version... 
[debug] [2020-07-17T09:02:33.235Z] >>> HTTP REQUEST PATCH https://firebasehosting.googleapis.com/v1beta1/sites/lootcave-443c4/versions/dcf026344d9d5d12?updateMask=status  
 {"status":"FINALIZED"}
[debug] [2020-07-17T09:02:33.626Z] <<< HTTP RESPONSE 200 {"content-type":"application/json; charset=UTF-8","vary":"X-Origin, Referer, Origin,Accept-Encoding","date":"Fri, 17 Jul 2020 09:02:35 GMT","server":"ESF","cache-control":"private","x-xss-protection":"0","x-frame-options":"SAMEORIGIN","x-content-type-options":"nosniff","alt-svc":"h3-29=\":443\"; ma=2592000,h3-27=\":443\"; ma=2592000,h3-25=\":443\"; ma=2592000,h3-T050=\":443\"; ma=2592000,h3-Q050=\":443\"; ma=2592000,h3-Q046=\":443\"; ma=2592000,h3-Q043=\":443\"; ma=2592000,quic=\":443\"; ma=2592000; v=\"46,43\"","accept-ranges":"none","transfer-encoding":"chunked"}
[debug] [2020-07-17T09:02:33.626Z] [hosting] finalized version for lootcave-443c4: {"name":"sites/lootcave-443c4/versions/dcf026344d9d5d12","status":"FINALIZED","config":{"rewrites":[{"glob":"**","path":"/index.html"}]},"labels":{"deployment-tool":"cli-firebase"},"createTime":"2020-07-17T09:02:32.832782Z","createUser":{"email":"clockwerkz@gmail.com"},"finalizeTime":"2020-07-17T09:02:35.529044Z","finalizeUser":{"email":"clockwerkz@gmail.com"}}
[info] +  hosting[lootcave-443c4]: version finalized 
[info] i  hosting[lootcave-443c4]: releasing new version... 
[debug] [2020-07-17T09:02:33.627Z] >>> HTTP REQUEST POST https://firebasehosting.googleapis.com/v1beta1/sites/lootcave-443c4/releases?version_name=sites/lootcave-443c4/versions/dcf026344d9d5d12  
 {"message":null}
[debug] [2020-07-17T09:02:33.970Z] <<< HTTP RESPONSE 200 {"content-type":"application/json; charset=UTF-8","vary":"X-Origin, Referer, Origin,Accept-Encoding","date":"Fri, 17 Jul 2020 09:02:35 GMT","server":"ESF","cache-control":"private","x-xss-protection":"0","x-frame-options":"SAMEORIGIN","x-content-type-options":"nosniff","alt-svc":"h3-29=\":443\"; ma=2592000,h3-27=\":443\"; ma=2592000,h3-25=\":443\"; ma=2592000,h3-T050=\":443\"; ma=2592000,h3-Q050=\":443\"; ma=2592000,h3-Q046=\":443\"; ma=2592000,h3-Q043=\":443\"; ma=2592000,quic=\":443\"; ma=2592000; v=\"46,43\"","accept-ranges":"none","transfer-encoding":"chunked"}
[debug] [2020-07-17T09:02:33.970Z] [hosting] release: {"name":"sites/lootcave-443c4/releases/1594976555875331","version":{"name":"sites/lootcave-443c4/versions/dcf026344d9d5d12","status":"FINALIZED","config":{"rewrites":[{"glob":"**","path":"/index.html"}]}},"type":"DEPLOY","releaseTime":"2020-07-17T09:02:35Z"}
[info] +  hosting[lootcave-443c4]: release complete 
[info] 
[info] +  Deploy complete! 
[info] 
[info] Project Console: https://console.firebase.google.com/project/lootcave-443c4/overview
[info] Hosting URL: https://lootcave-443c4.web.app
[debug] [2020-07-17T09:02:34.043Z] Error: EBUSY: resource busy or locked, unlink 'D:\git-repos\lootcave\firebase-debug.log'
    at Object.unlinkSync (fs.js:1035:3)
    at process.<anonymous> (C:\Users\finsc\AppData\Roaming\npm\node_modules\firebase-tools\lib\bin\firebase.js:61:12)
    at process.emit (events.js:228:7)
    at process.topLevelDomainCallback (domain.js:130:23)
